[2019-11-26 00:01:54] local.ERROR: Object of class Illuminate\Database\Eloquent\Builder could not be converted to int {"exception":"[object] (ErrorException(code: 0): Object of class Illuminate\\Database\\Eloquent\\Builder could not be converted to int at /var/www/html/PFC/database/factories/ImagenUsuarioFactory.php:9)
[stacktrace]
#0 /var/www/html/PFC/database/factories/ImagenUsuarioFactory.php(9): Illuminate\\Foundation\\Bootstrap\\HandleExceptions->handleError(8, 'Object of class...', '/var/www/html/P...', 9, Array)
#1 [internal function]: Illuminate\\Database\\Eloquent\\Factory->{closure}(Object(Faker\\Generator), Array)
#2 /var/www/html/PFC/vendor/laravel/framework/src/Illuminate/Database/Eloquent/FactoryBuilder.php(273): call_user_func(Object(Closure), Object(Faker\\Generator), Array)
#3 /var/www/html/PFC/vendor/laravel/framework/src/Illuminate/Database/Eloquent/FactoryBuilder.php(292): Illuminate\\Database\\Eloquent\\FactoryBuilder->getRawAttributes(Array)
#4 /var/www/html/PFC/vendor/laravel/framework/src/Illuminate/Database/Eloquent/Concerns/GuardsAttributes.php(116): Illuminate\\Database\\Eloquent\\FactoryBuilder->Illuminate\\Database\\Eloquent\\{closure}()
#5 /var/www/html/PFC/vendor/laravel/framework/src/Illuminate/Database/Eloquent/FactoryBuilder.php(300): Illuminate\\Database\\Eloquent\\Model::unguarded(Object(Closure))
#6 /var/www/html/PFC/vendor/laravel/framework/src/Illuminate/Database/Eloquent/FactoryBuilder.php(219): Illuminate\\Database\\Eloquent\\FactoryBuilder->makeInstance(Array)
#7 /var/www/html/PFC/vendor/laravel/framework/src/Illuminate/Database/Eloquent/FactoryBuilder.php(178): Illuminate\\Database\\Eloquent\\FactoryBuilder->make(Array)
#8 /var/www/html/PFC/database/factories/UsuarioFactory.php(13): Illuminate\\Database\\Eloquent\\FactoryBuilder->create()
#9 [internal function]: Illuminate\\Database\\Eloquent\\Factory->{closure}(Object(Faker\\Generator), Array)
#10 /var/www/html/PFC/vendor/laravel/framework/src/Illuminate/Database/Eloquent/FactoryBuilder.php(273): call_user_func(Object(Closure), Object(Faker\\Generator), Array)
#11 /var/www/html/PFC/vendor/laravel/framework/src/Illuminate/Database/Eloquent/FactoryBuilder.php(292): Illuminate\\Database\\Eloquent\\FactoryBuilder->getRawAttributes(Array)
#12 /var/www/html/PFC/vendor/laravel/framework/src/Illuminate/Database/Eloquent/Concerns/GuardsAttributes.php(116): Illuminate\\Database\\Eloquent\\FactoryBuilder->Illuminate\\Database\\Eloquent\\{closure}()
#13 /var/www/html/PFC/vendor/laravel/framework/src/Illuminate/Database/Eloquent/FactoryBuilder.php(300): Illuminate\\Database\\Eloquent\\Model::unguarded(Object(Closure))
#14 /var/www/html/PFC/vendor/laravel/framework/src/Illuminate/Database/Eloquent/FactoryBuilder.php(229): Illuminate\\Database\\Eloquent\\FactoryBuilder->makeInstance(Array)
#15 [internal function]: Illuminate\\Database\\Eloquent\\FactoryBuilder->Illuminate\\Database\\Eloquent\\{closure}(1)
#16 /var/www/html/PFC/vendor/laravel/framework/src/Illuminate/Database/Eloquent/FactoryBuilder.php(230): array_map(Object(Closure), Array)
#17 /var/www/html/PFC/vendor/laravel/framework/src/Illuminate/Database/Eloquent/FactoryBuilder.php(178): Illuminate\\Database\\Eloquent\\FactoryBuilder->make(Array)
#18 /var/www/html/PFC/database/seeds/UsuariosTableSeeder.php(18): Illuminate\\Database\\Eloquent\\FactoryBuilder->create()
#19 [internal function]: UsuariosTableSeeder->run()
#20 /var/www/html/PFC/vendor/laravel/framework/src/Illuminate/Container/BoundMethod.php(32): call_user_func_array(Array, Array)
#21 /var/www/html/PFC/vendor/laravel/framework/src/Illuminate/Container/Util.php(34): Illuminate\\Container\\BoundMethod::Illuminate\\Container\\{closure}()
#22 /var/www/html/PFC/vendor/laravel/framework/src/Illuminate/Container/BoundMethod.php(90): Illuminate\\Container\\Util::unwrapIfClosure(Object(Closure))
#23 /var/www/html/PFC/vendor/laravel/framework/src/Illuminate/Container/BoundMethod.php(34): Illuminate\\Container\\BoundMethod::callBoundMethod(Object(Illuminate\\Foundation\\Application), Array, Object(Closure))
#24 /var/www/html/PFC/vendor/laravel/framework/src/Illuminate/Container/Container.php(590): Illuminate\\Container\\BoundMethod::call(Object(Illuminate\\Foundation\\Application), Array, Array, NULL)
#25 /var/www/html/PFC/vendor/laravel/framework/src/Illuminate/Database/Seeder.php(134): Illuminate\\Container\\Container->call(Array)
#26 /var/www/html/PFC/vendor/laravel/framework/src/Illuminate/Database/Seeder.php(48): Illuminate\\Database\\Seeder->__invoke()
#27 /var/www/html/PFC/database/seeds/DatabaseSeeder.php(21): Illuminate\\Database\\Seeder->call('UsuariosTableSe...')
#28 [internal function]: DatabaseSeeder->run()
#29 /var/www/html/PFC/vendor/laravel/framework/src/Illuminate/Container/BoundMethod.php(32): call_user_func_array(Array, Array)
#30 /var/www/html/PFC/vendor/laravel/framework/src/Illuminate/Container/Util.php(34): Illuminate\\Container\\BoundMethod::Illuminate\\Container\\{closure}()
#31 /var/www/html/PFC/vendor/laravel/framework/src/Illuminate/Container/BoundMethod.php(90): Illuminate\\Container\\Util::unwrapIfClosure(Object(Closure))
#32 /var/www/html/PFC/vendor/laravel/framework/src/Illuminate/Container/BoundMethod.php(34): Illuminate\\Container\\BoundMethod::callBoundMethod(Object(Illuminate\\Foundation\\Application), Array, Object(Closure))
#33 /var/www/html/PFC/vendor/laravel/framework/src/Illuminate/Container/Container.php(590): Illuminate\\Container\\BoundMethod::call(Object(Illuminate\\Foundation\\Application), Array, Array, NULL)
#34 /var/www/html/PFC/vendor/laravel/framework/src/Illuminate/Database/Seeder.php(134): Illuminate\\Container\\Container->call(Array)
#35 /var/www/html/PFC/vendor/laravel/framework/src/Illuminate/Database/Console/Seeds/SeedCommand.php(63): Illuminate\\Database\\Seeder->__invoke()
#36 /var/www/html/PFC/vendor/laravel/framework/src/Illuminate/Database/Eloquent/Concerns/GuardsAttributes.php(122): Illuminate\\Database\\Console\\Seeds\\SeedCommand->Illuminate\\Database\\Console\\Seeds\\{closure}()
#37 /var/www/html/PFC/vendor/laravel/framework/src/Illuminate/Database/Console/Seeds/SeedCommand.php(64): Illuminate\\Database\\Eloquent\\Model::unguarded(Object(Closure))
#38 [internal function]: Illuminate\\Database\\Console\\Seeds\\SeedCommand->handle()
#39 /var/www/html/PFC/vendor/laravel/framework/src/Illuminate/Container/BoundMethod.php(32): call_user_func_array(Array, Array)
#40 /var/www/html/PFC/vendor/laravel/framework/src/Illuminate/Container/Util.php(34): Illuminate\\Container\\BoundMethod::Illuminate\\Container\\{closure}()
#41 /var/www/html/PFC/vendor/laravel/framework/src/Illuminate/Container/BoundMethod.php(90): Illuminate\\Container\\Util::unwrapIfClosure(Object(Closure))
#42 /var/www/html/PFC/vendor/laravel/framework/src/Illuminate/Container/BoundMethod.php(34): Illuminate\\Container\\BoundMethod::callBoundMethod(Object(Illuminate\\Foundation\\Application), Array, Object(Closure))
#43 /var/www/html/PFC/vendor/laravel/framework/src/Illuminate/Container/Container.php(590): Illuminate\\Container\\BoundMethod::call(Object(Illuminate\\Foundation\\Application), Array, Array, NULL)
#44 /var/www/html/PFC/vendor/laravel/framework/src/Illuminate/Console/Command.php(202): Illuminate\\Container\\Container->call(Array)
#45 /var/www/html/PFC/vendor/symfony/console/Command/Command.php(255): Illuminate\\Console\\Command->execute(Object(Symfony\\Component\\Console\\Input\\ArgvInput), Object(Illuminate\\Console\\OutputStyle))
#46 /var/www/html/PFC/vendor/laravel/framework/src/Illuminate/Console/Command.php(189): Symfony\\Component\\Console\\Command\\Command->run(Object(Symfony\\Component\\Console\\Input\\ArgvInput), Object(Illuminate\\Console\\OutputStyle))
#47 /var/www/html/PFC/vendor/symfony/console/Application.php(1011): Illuminate\\Console\\Command->run(Object(Symfony\\Component\\Console\\Input\\ArgvInput), Object(Symfony\\Component\\Console\\Output\\ConsoleOutput))
#48 /var/www/html/PFC/vendor/symfony/console/Application.php(272): Symfony\\Component\\Console\\Application->doRunCommand(Object(Illuminate\\Database\\Console\\Seeds\\SeedCommand), Object(Symfony\\Component\\Console\\Input\\ArgvInput), Object(Symfony\\Component\\Console\\Output\\ConsoleOutput))
#49 /var/www/html/PFC/vendor/symfony/console/Application.php(148): Symfony\\Component\\Console\\Application->doRun(Object(Symfony\\Component\\Console\\Input\\ArgvInput), Object(Symfony\\Component\\Console\\Output\\ConsoleOutput))
#50 /var/www/html/PFC/vendor/laravel/framework/src/Illuminate/Console/Application.php(90): Symfony\\Component\\Console\\Application->run(Object(Symfony\\Component\\Console\\Input\\ArgvInput), Object(Symfony\\Component\\Console\\Output\\ConsoleOutput))
#51 /var/www/html/PFC/vendor/laravel/framework/src/Illuminate/Foundation/Console/Kernel.php(131): Illuminate\\Console\\Application->run(Object(Symfony\\Component\\Console\\Input\\ArgvInput), Object(Symfony\\Component\\Console\\Output\\ConsoleOutput))
#52 /var/www/html/PFC/artisan(37): Illuminate\\Foundation\\Console\\Kernel->handle(Object(Symfony\\Component\\Console\\Input\\ArgvInput), Object(Symfony\\Component\\Console\\Output\\ConsoleOutput))
#53 {main}
"} 
[2019-11-26 00:02:52] local.ERROR: Object of class Illuminate\Database\Eloquent\Builder could not be converted to int {"exception":"[object] (ErrorException(code: 0): Object of class Illuminate\\Database\\Eloquent\\Builder could not be converted to int at /var/www/html/PFC/database/factories/ImagenUsuarioFactory.php:9)
[stacktrace]
#0 /var/www/html/PFC/database/factories/ImagenUsuarioFactory.php(9): Illuminate\\Foundation\\Bootstrap\\HandleExceptions->handleError(8, 'Object of class...', '/var/www/html/P...', 9, Array)
#1 [internal function]: Illuminate\\Database\\Eloquent\\Factory->{closure}(Object(Faker\\Generator), Array)
#2 /var/www/html/PFC/vendor/laravel/framework/src/Illuminate/Database/Eloquent/FactoryBuilder.php(273): call_user_func(Object(Closure), Object(Faker\\Generator), Array)
#3 /var/www/html/PFC/vendor/laravel/framework/src/Illuminate/Database/Eloquent/FactoryBuilder.php(292): Illuminate\\Database\\Eloquent\\FactoryBuilder->getRawAttributes(Array)
#4 /var/www/html/PFC/vendor/laravel/framework/src/Illuminate/Database/Eloquent/Concerns/GuardsAttributes.php(116): Illuminate\\Database\\Eloquent\\FactoryBuilder->Illuminate\\Database\\Eloquent\\{closure}()
#5 /var/www/html/PFC/vendor/laravel/framework/src/Illuminate/Database/Eloquent/FactoryBuilder.php(300): Illuminate\\Database\\Eloquent\\Model::unguarded(Object(Closure))
#6 /var/www/html/PFC/vendor/laravel/framework/src/Illuminate/Database/Eloquent/FactoryBuilder.php(219): Illuminate\\Database\\Eloquent\\FactoryBuilder->makeInstance(Array)
#7 /var/www/html/PFC/vendor/laravel/framework/src/Illuminate/Database/Eloquent/FactoryBuilder.php(178): Illuminate\\Database\\Eloquent\\FactoryBuilder->make(Array)
#8 /var/www/html/PFC/database/factories/UsuarioFactory.php(13): Illuminate\\Database\\Eloquent\\FactoryBuilder->create()
#9 [internal function]: Illuminate\\Database\\Eloquent\\Factory->{closure}(Object(Faker\\Generator), Array)
#10 /var/www/html/PFC/vendor/laravel/framework/src/Illuminate/Database/Eloquent/FactoryBuilder.php(273): call_user_func(Object(Closure), Object(Faker\\Generator), Array)
#11 /var/www/html/PFC/vendor/laravel/framework/src/Illuminate/Database/Eloquent/FactoryBuilder.php(292): Illuminate\\Database\\Eloquent\\FactoryBuilder->getRawAttributes(Array)
#12 /var/www/html/PFC/vendor/laravel/framework/src/Illuminate/Database/Eloquent/Concerns/GuardsAttributes.php(116): Illuminate\\Database\\Eloquent\\FactoryBuilder->Illuminate\\Database\\Eloquent\\{closure}()
#13 /var/www/html/PFC/vendor/laravel/framework/src/Illuminate/Database/Eloquent/FactoryBuilder.php(300): Illuminate\\Database\\Eloquent\\Model::unguarded(Object(Closure))
#14 /var/www/html/PFC/vendor/laravel/framework/src/Illuminate/Database/Eloquent/FactoryBuilder.php(229): Illuminate\\Database\\Eloquent\\FactoryBuilder->makeInstance(Array)
#15 [internal function]: Illuminate\\Database\\Eloquent\\FactoryBuilder->Illuminate\\Database\\Eloquent\\{closure}(1)
#16 /var/www/html/PFC/vendor/laravel/framework/src/Illuminate/Database/Eloquent/FactoryBuilder.php(230): array_map(Object(Closure), Array)
#17 /var/www/html/PFC/vendor/laravel/framework/src/Illuminate/Database/Eloquent/FactoryBuilder.php(178): Illuminate\\Database\\Eloquent\\FactoryBuilder->make(Array)
#18 /var/www/html/PFC/database/seeds/UsuariosTableSeeder.php(18): Illuminate\\Database\\Eloquent\\FactoryBuilder->create()
#19 [internal function]: UsuariosTableSeeder->run()
#20 /var/www/html/PFC/vendor/laravel/framework/src/Illuminate/Container/BoundMethod.php(32): call_user_func_array(Array, Array)
#21 /var/www/html/PFC/vendor/laravel/framework/src/Illuminate/Container/Util.php(34): Illuminate\\Container\\BoundMethod::Illuminate\\Container\\{closure}()
#22 /var/www/html/PFC/vendor/laravel/framework/src/Illuminate/Container/BoundMethod.php(90): Illuminate\\Container\\Util::unwrapIfClosure(Object(Closure))
#23 /var/www/html/PFC/vendor/laravel/framework/src/Illuminate/Container/BoundMethod.php(34): Illuminate\\Container\\BoundMethod::callBoundMethod(Object(Illuminate\\Foundation\\Application), Array, Object(Closure))
#24 /var/www/html/PFC/vendor/laravel/framework/src/Illuminate/Container/Container.php(590): Illuminate\\Container\\BoundMethod::call(Object(Illuminate\\Foundation\\Application), Array, Array, NULL)
#25 /var/www/html/PFC/vendor/laravel/framework/src/Illuminate/Database/Seeder.php(134): Illuminate\\Container\\Container->call(Array)
#26 /var/www/html/PFC/vendor/laravel/framework/src/Illuminate/Database/Seeder.php(48): Illuminate\\Database\\Seeder->__invoke()
#27 /var/www/html/PFC/database/seeds/DatabaseSeeder.php(21): Illuminate\\Database\\Seeder->call('UsuariosTableSe...')
#28 [internal function]: DatabaseSeeder->run()
#29 /var/www/html/PFC/vendor/laravel/framework/src/Illuminate/Container/BoundMethod.php(32): call_user_func_array(Array, Array)
#30 /var/www/html/PFC/vendor/laravel/framework/src/Illuminate/Container/Util.php(34): Illuminate\\Container\\BoundMethod::Illuminate\\Container\\{closure}()
#31 /var/www/html/PFC/vendor/laravel/framework/src/Illuminate/Container/BoundMethod.php(90): Illuminate\\Container\\Util::unwrapIfClosure(Object(Closure))
#32 /var/www/html/PFC/vendor/laravel/framework/src/Illuminate/Container/BoundMethod.php(34): Illuminate\\Container\\BoundMethod::callBoundMethod(Object(Illuminate\\Foundation\\Application), Array, Object(Closure))
#33 /var/www/html/PFC/vendor/laravel/framework/src/Illuminate/Container/Container.php(590): Illuminate\\Container\\BoundMethod::call(Object(Illuminate\\Foundation\\Application), Array, Array, NULL)
#34 /var/www/html/PFC/vendor/laravel/framework/src/Illuminate/Database/Seeder.php(134): Illuminate\\Container\\Container->call(Array)
#35 /var/www/html/PFC/vendor/laravel/framework/src/Illuminate/Database/Console/Seeds/SeedCommand.php(63): Illuminate\\Database\\Seeder->__invoke()
#36 /var/www/html/PFC/vendor/laravel/framework/src/Illuminate/Database/Eloquent/Concerns/GuardsAttributes.php(122): Illuminate\\Database\\Console\\Seeds\\SeedCommand->Illuminate\\Database\\Console\\Seeds\\{closure}()
#37 /var/www/html/PFC/vendor/laravel/framework/src/Illuminate/Database/Console/Seeds/SeedCommand.php(64): Illuminate\\Database\\Eloquent\\Model::unguarded(Object(Closure))
#38 [internal function]: Illuminate\\Database\\Console\\Seeds\\SeedCommand->handle()
#39 /var/www/html/PFC/vendor/laravel/framework/src/Illuminate/Container/BoundMethod.php(32): call_user_func_array(Array, Array)
#40 /var/www/html/PFC/vendor/laravel/framework/src/Illuminate/Container/Util.php(34): Illuminate\\Container\\BoundMethod::Illuminate\\Container\\{closure}()
#41 /var/www/html/PFC/vendor/laravel/framework/src/Illuminate/Container/BoundMethod.php(90): Illuminate\\Container\\Util::unwrapIfClosure(Object(Closure))
#42 /var/www/html/PFC/vendor/laravel/framework/src/Illuminate/Container/BoundMethod.php(34): Illuminate\\Container\\BoundMethod::callBoundMethod(Object(Illuminate\\Foundation\\Application), Array, Object(Closure))
#43 /var/www/html/PFC/vendor/laravel/framework/src/Illuminate/Container/Container.php(590): Illuminate\\Container\\BoundMethod::call(Object(Illuminate\\Foundation\\Application), Array, Array, NULL)
#44 /var/www/html/PFC/vendor/laravel/framework/src/Illuminate/Console/Command.php(202): Illuminate\\Container\\Container->call(Array)
#45 /var/www/html/PFC/vendor/symfony/console/Command/Command.php(255): Illuminate\\Console\\Command->execute(Object(Symfony\\Component\\Console\\Input\\ArgvInput), Object(Illuminate\\Console\\OutputStyle))
#46 /var/www/html/PFC/vendor/laravel/framework/src/Illuminate/Console/Command.php(189): Symfony\\Component\\Console\\Command\\Command->run(Object(Symfony\\Component\\Console\\Input\\ArgvInput), Object(Illuminate\\Console\\OutputStyle))
#47 /var/www/html/PFC/vendor/symfony/console/Application.php(1011): Illuminate\\Console\\Command->run(Object(Symfony\\Component\\Console\\Input\\ArgvInput), Object(Symfony\\Component\\Console\\Output\\ConsoleOutput))
#48 /var/www/html/PFC/vendor/symfony/console/Application.php(272): Symfony\\Component\\Console\\Application->doRunCommand(Object(Illuminate\\Database\\Console\\Seeds\\SeedCommand), Object(Symfony\\Component\\Console\\Input\\ArgvInput), Object(Symfony\\Component\\Console\\Output\\ConsoleOutput))
#49 /var/www/html/PFC/vendor/symfony/console/Application.php(148): Symfony\\Component\\Console\\Application->doRun(Object(Symfony\\Component\\Console\\Input\\ArgvInput), Object(Symfony\\Component\\Console\\Output\\ConsoleOutput))
#50 /var/www/html/PFC/vendor/laravel/framework/src/Illuminate/Console/Application.php(90): Symfony\\Component\\Console\\Application->run(Object(Symfony\\Component\\Console\\Input\\ArgvInput), Object(Symfony\\Component\\Console\\Output\\ConsoleOutput))
#51 /var/www/html/PFC/vendor/laravel/framework/src/Illuminate/Foundation/Console/Kernel.php(131): Illuminate\\Console\\Application->run(Object(Symfony\\Component\\Console\\Input\\ArgvInput), Object(Symfony\\Component\\Console\\Output\\ConsoleOutput))
#52 /var/www/html/PFC/artisan(37): Illuminate\\Foundation\\Console\\Kernel->handle(Object(Symfony\\Component\\Console\\Input\\ArgvInput), Object(Symfony\\Component\\Console\\Output\\ConsoleOutput))
#53 {main}
"} 
[2019-11-26 00:06:29] local.ERROR: Call to undefined method Illuminate\Database\Eloquent\Factory::random() {"exception":"[object] (Symfony\\Component\\Debug\\Exception\\FatalThrowableError(code: 0): Call to undefined method Illuminate\\Database\\Eloquent\\Factory::random() at /var/www/html/PFC/database/factories/ImagenUsuarioFactory.php:11)
[stacktrace]
#0 [internal function]: Illuminate\\Database\\Eloquent\\Factory->{closure}(Object(Faker\\Generator), Array)
#1 /var/www/html/PFC/vendor/laravel/framework/src/Illuminate/Database/Eloquent/FactoryBuilder.php(273): call_user_func(Object(Closure), Object(Faker\\Generator), Array)
#2 /var/www/html/PFC/vendor/laravel/framework/src/Illuminate/Database/Eloquent/FactoryBuilder.php(292): Illuminate\\Database\\Eloquent\\FactoryBuilder->getRawAttributes(Array)
#3 /var/www/html/PFC/vendor/laravel/framework/src/Illuminate/Database/Eloquent/Concerns/GuardsAttributes.php(116): Illuminate\\Database\\Eloquent\\FactoryBuilder->Illuminate\\Database\\Eloquent\\{closure}()
#4 /var/www/html/PFC/vendor/laravel/framework/src/Illuminate/Database/Eloquent/FactoryBuilder.php(300): Illuminate\\Database\\Eloquent\\Model::unguarded(Object(Closure))
#5 /var/www/html/PFC/vendor/laravel/framework/src/Illuminate/Database/Eloquent/FactoryBuilder.php(219): Illuminate\\Database\\Eloquent\\FactoryBuilder->makeInstance(Array)
#6 /var/www/html/PFC/vendor/laravel/framework/src/Illuminate/Database/Eloquent/FactoryBuilder.php(178): Illuminate\\Database\\Eloquent\\FactoryBuilder->make(Array)
#7 /var/www/html/PFC/database/factories/UsuarioFactory.php(13): Illuminate\\Database\\Eloquent\\FactoryBuilder->create()
#8 [internal function]: Illuminate\\Database\\Eloquent\\Factory->{closure}(Object(Faker\\Generator), Array)
#9 /var/www/html/PFC/vendor/laravel/framework/src/Illuminate/Database/Eloquent/FactoryBuilder.php(273): call_user_func(Object(Closure), Object(Faker\\Generator), Array)
#10 /var/www/html/PFC/vendor/laravel/framework/src/Illuminate/Database/Eloquent/FactoryBuilder.php(292): Illuminate\\Database\\Eloquent\\FactoryBuilder->getRawAttributes(Array)
#11 /var/www/html/PFC/vendor/laravel/framework/src/Illuminate/Database/Eloquent/Concerns/GuardsAttributes.php(116): Illuminate\\Database\\Eloquent\\FactoryBuilder->Illuminate\\Database\\Eloquent\\{closure}()
#12 /var/www/html/PFC/vendor/laravel/framework/src/Illuminate/Database/Eloquent/FactoryBuilder.php(300): Illuminate\\Database\\Eloquent\\Model::unguarded(Object(Closure))
#13 /var/www/html/PFC/vendor/laravel/framework/src/Illuminate/Database/Eloquent/FactoryBuilder.php(229): Illuminate\\Database\\Eloquent\\FactoryBuilder->makeInstance(Array)
#14 [internal function]: Illuminate\\Database\\Eloquent\\FactoryBuilder->Illuminate\\Database\\Eloquent\\{closure}(1)
#15 /var/www/html/PFC/vendor/laravel/framework/src/Illuminate/Database/Eloquent/FactoryBuilder.php(230): array_map(Object(Closure), Array)
#16 /var/www/html/PFC/vendor/laravel/framework/src/Illuminate/Database/Eloquent/FactoryBuilder.php(178): Illuminate\\Database\\Eloquent\\FactoryBuilder->make(Array)
#17 /var/www/html/PFC/database/seeds/UsuariosTableSeeder.php(18): Illuminate\\Database\\Eloquent\\FactoryBuilder->create()
#18 [internal function]: UsuariosTableSeeder->run()
#19 /var/www/html/PFC/vendor/laravel/framework/src/Illuminate/Container/BoundMethod.php(32): call_user_func_array(Array, Array)
#20 /var/www/html/PFC/vendor/laravel/framework/src/Illuminate/Container/Util.php(34): Illuminate\\Container\\BoundMethod::Illuminate\\Container\\{closure}()
#21 /var/www/html/PFC/vendor/laravel/framework/src/Illuminate/Container/BoundMethod.php(90): Illuminate\\Container\\Util::unwrapIfClosure(Object(Closure))
#22 /var/www/html/PFC/vendor/laravel/framework/src/Illuminate/Container/BoundMethod.php(34): Illuminate\\Container\\BoundMethod::callBoundMethod(Object(Illuminate\\Foundation\\Application), Array, Object(Closure))
#23 /var/www/html/PFC/vendor/laravel/framework/src/Illuminate/Container/Container.php(590): Illuminate\\Container\\BoundMethod::call(Object(Illuminate\\Foundation\\Application), Array, Array, NULL)
#24 /var/www/html/PFC/vendor/laravel/framework/src/Illuminate/Database/Seeder.php(134): Illuminate\\Container\\Container->call(Array)
#25 /var/www/html/PFC/vendor/laravel/framework/src/Illuminate/Database/Seeder.php(48): Illuminate\\Database\\Seeder->__invoke()
#26 /var/www/html/PFC/database/seeds/DatabaseSeeder.php(21): Illuminate\\Database\\Seeder->call('UsuariosTableSe...')
#27 [internal function]: DatabaseSeeder->run()
#28 /var/www/html/PFC/vendor/laravel/framework/src/Illuminate/Container/BoundMethod.php(32): call_user_func_array(Array, Array)
#29 /var/www/html/PFC/vendor/laravel/framework/src/Illuminate/Container/Util.php(34): Illuminate\\Container\\BoundMethod::Illuminate\\Container\\{closure}()
#30 /var/www/html/PFC/vendor/laravel/framework/src/Illuminate/Container/BoundMethod.php(90): Illuminate\\Container\\Util::unwrapIfClosure(Object(Closure))
#31 /var/www/html/PFC/vendor/laravel/framework/src/Illuminate/Container/BoundMethod.php(34): Illuminate\\Container\\BoundMethod::callBoundMethod(Object(Illuminate\\Foundation\\Application), Array, Object(Closure))
#32 /var/www/html/PFC/vendor/laravel/framework/src/Illuminate/Container/Container.php(590): Illuminate\\Container\\BoundMethod::call(Object(Illuminate\\Foundation\\Application), Array, Array, NULL)
#33 /var/www/html/PFC/vendor/laravel/framework/src/Illuminate/Database/Seeder.php(134): Illuminate\\Container\\Container->call(Array)
#34 /var/www/html/PFC/vendor/laravel/framework/src/Illuminate/Database/Console/Seeds/SeedCommand.php(63): Illuminate\\Database\\Seeder->__invoke()
#35 /var/www/html/PFC/vendor/laravel/framework/src/Illuminate/Database/Eloquent/Concerns/GuardsAttributes.php(122): Illuminate\\Database\\Console\\Seeds\\SeedCommand->Illuminate\\Database\\Console\\Seeds\\{closure}()
#36 /var/www/html/PFC/vendor/laravel/framework/src/Illuminate/Database/Console/Seeds/SeedCommand.php(64): Illuminate\\Database\\Eloquent\\Model::unguarded(Object(Closure))
#37 [internal function]: Illuminate\\Database\\Console\\Seeds\\SeedCommand->handle()
#38 /var/www/html/PFC/vendor/laravel/framework/src/Illuminate/Container/BoundMethod.php(32): call_user_func_array(Array, Array)
#39 /var/www/html/PFC/vendor/laravel/framework/src/Illuminate/Container/Util.php(34): Illuminate\\Container\\BoundMethod::Illuminate\\Container\\{closure}()
#40 /var/www/html/PFC/vendor/laravel/framework/src/Illuminate/Container/BoundMethod.php(90): Illuminate\\Container\\Util::unwrapIfClosure(Object(Closure))
#41 /var/www/html/PFC/vendor/laravel/framework/src/Illuminate/Container/BoundMethod.php(34): Illuminate\\Container\\BoundMethod::callBoundMethod(Object(Illuminate\\Foundation\\Application), Array, Object(Closure))
#42 /var/www/html/PFC/vendor/laravel/framework/src/Illuminate/Container/Container.php(590): Illuminate\\Container\\BoundMethod::call(Object(Illuminate\\Foundation\\Application), Array, Array, NULL)
#43 /var/www/html/PFC/vendor/laravel/framework/src/Illuminate/Console/Command.php(202): Illuminate\\Container\\Container->call(Array)
#44 /var/www/html/PFC/vendor/symfony/console/Command/Command.php(255): Illuminate\\Console\\Command->execute(Object(Symfony\\Component\\Console\\Input\\ArgvInput), Object(Illuminate\\Console\\OutputStyle))
#45 /var/www/html/PFC/vendor/laravel/framework/src/Illuminate/Console/Command.php(189): Symfony\\Component\\Console\\Command\\Command->run(Object(Symfony\\Component\\Console\\Input\\ArgvInput), Object(Illuminate\\Console\\OutputStyle))
#46 /var/www/html/PFC/vendor/symfony/console/Application.php(1011): Illuminate\\Console\\Command->run(Object(Symfony\\Component\\Console\\Input\\ArgvInput), Object(Symfony\\Component\\Console\\Output\\ConsoleOutput))
#47 /var/www/html/PFC/vendor/symfony/console/Application.php(272): Symfony\\Component\\Console\\Application->doRunCommand(Object(Illuminate\\Database\\Console\\Seeds\\SeedCommand), Object(Symfony\\Component\\Console\\Input\\ArgvInput), Object(Symfony\\Component\\Console\\Output\\ConsoleOutput))
#48 /var/www/html/PFC/vendor/symfony/console/Application.php(148): Symfony\\Component\\Console\\Application->doRun(Object(Symfony\\Component\\Console\\Input\\ArgvInput), Object(Symfony\\Component\\Console\\Output\\ConsoleOutput))
#49 /var/www/html/PFC/vendor/laravel/framework/src/Illuminate/Console/Application.php(90): Symfony\\Component\\Console\\Application->run(Object(Symfony\\Component\\Console\\Input\\ArgvInput), Object(Symfony\\Component\\Console\\Output\\ConsoleOutput))
#50 /var/www/html/PFC/vendor/laravel/framework/src/Illuminate/Foundation/Console/Kernel.php(131): Illuminate\\Console\\Application->run(Object(Symfony\\Component\\Console\\Input\\ArgvInput), Object(Symfony\\Component\\Console\\Output\\ConsoleOutput))
#51 /var/www/html/PFC/artisan(37): Illuminate\\Foundation\\Console\\Kernel->handle(Object(Symfony\\Component\\Console\\Input\\ArgvInput), Object(Symfony\\Component\\Console\\Output\\ConsoleOutput))
#52 {main}
"} 
[2019-11-26 00:06:31] local.ERROR: Call to undefined method Illuminate\Database\Eloquent\Factory::random() {"exception":"[object] (Symfony\\Component\\Debug\\Exception\\FatalThrowableError(code: 0): Call to undefined method Illuminate\\Database\\Eloquent\\Factory::random() at /var/www/html/PFC/database/factories/ImagenUsuarioFactory.php:11)
[stacktrace]
#0 [internal function]: Illuminate\\Database\\Eloquent\\Factory->{closure}(Object(Faker\\Generator), Array)
#1 /var/www/html/PFC/vendor/laravel/framework/src/Illuminate/Database/Eloquent/FactoryBuilder.php(273): call_user_func(Object(Closure), Object(Faker\\Generator), Array)
#2 /var/www/html/PFC/vendor/laravel/framework/src/Illuminate/Database/Eloquent/FactoryBuilder.php(292): Illuminate\\Database\\Eloquent\\FactoryBuilder->getRawAttributes(Array)
#3 /var/www/html/PFC/vendor/laravel/framework/src/Illuminate/Database/Eloquent/Concerns/GuardsAttributes.php(116): Illuminate\\Database\\Eloquent\\FactoryBuilder->Illuminate\\Database\\Eloquent\\{closure}()
#4 /var/www/html/PFC/vendor/laravel/framework/src/Illuminate/Database/Eloquent/FactoryBuilder.php(300): Illuminate\\Database\\Eloquent\\Model::unguarded(Object(Closure))
#5 /var/www/html/PFC/vendor/laravel/framework/src/Illuminate/Database/Eloquent/FactoryBuilder.php(219): Illuminate\\Database\\Eloquent\\FactoryBuilder->makeInstance(Array)
#6 /var/www/html/PFC/vendor/laravel/framework/src/Illuminate/Database/Eloquent/FactoryBuilder.php(178): Illuminate\\Database\\Eloquent\\FactoryBuilder->make(Array)
#7 /var/www/html/PFC/database/factories/UsuarioFactory.php(13): Illuminate\\Database\\Eloquent\\FactoryBuilder->create()
#8 [internal function]: Illuminate\\Database\\Eloquent\\Factory->{closure}(Object(Faker\\Generator), Array)
#9 /var/www/html/PFC/vendor/laravel/framework/src/Illuminate/Database/Eloquent/FactoryBuilder.php(273): call_user_func(Object(Closure), Object(Faker\\Generator), Array)
#10 /var/www/html/PFC/vendor/laravel/framework/src/Illuminate/Database/Eloquent/FactoryBuilder.php(292): Illuminate\\Database\\Eloquent\\FactoryBuilder->getRawAttributes(Array)
#11 /var/www/html/PFC/vendor/laravel/framework/src/Illuminate/Database/Eloquent/Concerns/GuardsAttributes.php(116): Illuminate\\Database\\Eloquent\\FactoryBuilder->Illuminate\\Database\\Eloquent\\{closure}()
#12 /var/www/html/PFC/vendor/laravel/framework/src/Illuminate/Database/Eloquent/FactoryBuilder.php(300): Illuminate\\Database\\Eloquent\\Model::unguarded(Object(Closure))
#13 /var/www/html/PFC/vendor/laravel/framework/src/Illuminate/Database/Eloquent/FactoryBuilder.php(229): Illuminate\\Database\\Eloquent\\FactoryBuilder->makeInstance(Array)
#14 [internal function]: Illuminate\\Database\\Eloquent\\FactoryBuilder->Illuminate\\Database\\Eloquent\\{closure}(1)
#15 /var/www/html/PFC/vendor/laravel/framework/src/Illuminate/Database/Eloquent/FactoryBuilder.php(230): array_map(Object(Closure), Array)
#16 /var/www/html/PFC/vendor/laravel/framework/src/Illuminate/Database/Eloquent/FactoryBuilder.php(178): Illuminate\\Database\\Eloquent\\FactoryBuilder->make(Array)
#17 /var/www/html/PFC/database/seeds/UsuariosTableSeeder.php(18): Illuminate\\Database\\Eloquent\\FactoryBuilder->create()
#18 [internal function]: UsuariosTableSeeder->run()
#19 /var/www/html/PFC/vendor/laravel/framework/src/Illuminate/Container/BoundMethod.php(32): call_user_func_array(Array, Array)
#20 /var/www/html/PFC/vendor/laravel/framework/src/Illuminate/Container/Util.php(34): Illuminate\\Container\\BoundMethod::Illuminate\\Container\\{closure}()
#21 /var/www/html/PFC/vendor/laravel/framework/src/Illuminate/Container/BoundMethod.php(90): Illuminate\\Container\\Util::unwrapIfClosure(Object(Closure))
#22 /var/www/html/PFC/vendor/laravel/framework/src/Illuminate/Container/BoundMethod.php(34): Illuminate\\Container\\BoundMethod::callBoundMethod(Object(Illuminate\\Foundation\\Application), Array, Object(Closure))
#23 /var/www/html/PFC/vendor/laravel/framework/src/Illuminate/Container/Container.php(590): Illuminate\\Container\\BoundMethod::call(Object(Illuminate\\Foundation\\Application), Array, Array, NULL)
#24 /var/www/html/PFC/vendor/laravel/framework/src/Illuminate/Database/Seeder.php(134): Illuminate\\Container\\Container->call(Array)
#25 /var/www/html/PFC/vendor/laravel/framework/src/Illuminate/Database/Seeder.php(48): Illuminate\\Database\\Seeder->__invoke()
#26 /var/www/html/PFC/database/seeds/DatabaseSeeder.php(21): Illuminate\\Database\\Seeder->call('UsuariosTableSe...')
#27 [internal function]: DatabaseSeeder->run()
#28 /var/www/html/PFC/vendor/laravel/framework/src/Illuminate/Container/BoundMethod.php(32): call_user_func_array(Array, Array)
#29 /var/www/html/PFC/vendor/laravel/framework/src/Illuminate/Container/Util.php(34): Illuminate\\Container\\BoundMethod::Illuminate\\Container\\{closure}()
#30 /var/www/html/PFC/vendor/laravel/framework/src/Illuminate/Container/BoundMethod.php(90): Illuminate\\Container\\Util::unwrapIfClosure(Object(Closure))
#31 /var/www/html/PFC/vendor/laravel/framework/src/Illuminate/Container/BoundMethod.php(34): Illuminate\\Container\\BoundMethod::callBoundMethod(Object(Illuminate\\Foundation\\Application), Array, Object(Closure))
#32 /var/www/html/PFC/vendor/laravel/framework/src/Illuminate/Container/Container.php(590): Illuminate\\Container\\BoundMethod::call(Object(Illuminate\\Foundation\\Application), Array, Array, NULL)
#33 /var/www/html/PFC/vendor/laravel/framework/src/Illuminate/Database/Seeder.php(134): Illuminate\\Container\\Container->call(Array)
#34 /var/www/html/PFC/vendor/laravel/framework/src/Illuminate/Database/Console/Seeds/SeedCommand.php(63): Illuminate\\Database\\Seeder->__invoke()
#35 /var/www/html/PFC/vendor/laravel/framework/src/Illuminate/Database/Eloquent/Concerns/GuardsAttributes.php(122): Illuminate\\Database\\Console\\Seeds\\SeedCommand->Illuminate\\Database\\Console\\Seeds\\{closure}()
#36 /var/www/html/PFC/vendor/laravel/framework/src/Illuminate/Database/Console/Seeds/SeedCommand.php(64): Illuminate\\Database\\Eloquent\\Model::unguarded(Object(Closure))
#37 [internal function]: Illuminate\\Database\\Console\\Seeds\\SeedCommand->handle()
#38 /var/www/html/PFC/vendor/laravel/framework/src/Illuminate/Container/BoundMethod.php(32): call_user_func_array(Array, Array)
#39 /var/www/html/PFC/vendor/laravel/framework/src/Illuminate/Container/Util.php(34): Illuminate\\Container\\BoundMethod::Illuminate\\Container\\{closure}()
#40 /var/www/html/PFC/vendor/laravel/framework/src/Illuminate/Container/BoundMethod.php(90): Illuminate\\Container\\Util::unwrapIfClosure(Object(Closure))
#41 /var/www/html/PFC/vendor/laravel/framework/src/Illuminate/Container/BoundMethod.php(34): Illuminate\\Container\\BoundMethod::callBoundMethod(Object(Illuminate\\Foundation\\Application), Array, Object(Closure))
#42 /var/www/html/PFC/vendor/laravel/framework/src/Illuminate/Container/Container.php(590): Illuminate\\Container\\BoundMethod::call(Object(Illuminate\\Foundation\\Application), Array, Array, NULL)
#43 /var/www/html/PFC/vendor/laravel/framework/src/Illuminate/Console/Command.php(202): Illuminate\\Container\\Container->call(Array)
#44 /var/www/html/PFC/vendor/symfony/console/Command/Command.php(255): Illuminate\\Console\\Command->execute(Object(Symfony\\Component\\Console\\Input\\ArgvInput), Object(Illuminate\\Console\\OutputStyle))
#45 /var/www/html/PFC/vendor/laravel/framework/src/Illuminate/Console/Command.php(189): Symfony\\Component\\Console\\Command\\Command->run(Object(Symfony\\Component\\Console\\Input\\ArgvInput), Object(Illuminate\\Console\\OutputStyle))
#46 /var/www/html/PFC/vendor/symfony/console/Application.php(1011): Illuminate\\Console\\Command->run(Object(Symfony\\Component\\Console\\Input\\ArgvInput), Object(Symfony\\Component\\Console\\Output\\ConsoleOutput))
#47 /var/www/html/PFC/vendor/symfony/console/Application.php(272): Symfony\\Component\\Console\\Application->doRunCommand(Object(Illuminate\\Database\\Console\\Seeds\\SeedCommand), Object(Symfony\\Component\\Console\\Input\\ArgvInput), Object(Symfony\\Component\\Console\\Output\\ConsoleOutput))
#48 /var/www/html/PFC/vendor/symfony/console/Application.php(148): Symfony\\Component\\Console\\Application->doRun(Object(Symfony\\Component\\Console\\Input\\ArgvInput), Object(Symfony\\Component\\Console\\Output\\ConsoleOutput))
#49 /var/www/html/PFC/vendor/laravel/framework/src/Illuminate/Console/Application.php(90): Symfony\\Component\\Console\\Application->run(Object(Symfony\\Component\\Console\\Input\\ArgvInput), Object(Symfony\\Component\\Console\\Output\\ConsoleOutput))
#50 /var/www/html/PFC/vendor/laravel/framework/src/Illuminate/Foundation/Console/Kernel.php(131): Illuminate\\Console\\Application->run(Object(Symfony\\Component\\Console\\Input\\ArgvInput), Object(Symfony\\Component\\Console\\Output\\ConsoleOutput))
#51 /var/www/html/PFC/artisan(37): Illuminate\\Foundation\\Console\\Kernel->handle(Object(Symfony\\Component\\Console\\Input\\ArgvInput), Object(Symfony\\Component\\Console\\Output\\ConsoleOutput))
#52 {main}
"} 
