0 info it worked if it ends with ok
1 verbose cli [ '/usr/bin/node',
1 verbose cli   '/usr/share/npm/bin/npm-cli.js',
1 verbose cli   'install',
1 verbose cli   '--scripts-prepend-node-path=auto' ]
2 info using npm@3.5.2
3 info using node@v8.10.0
4 silly loadCurrentTree Starting
5 silly install loadCurrentTree
6 silly install readLocalPackageData
7 silly install normalizeTree
8 silly loadCurrentTree Finishing
9 silly loadIdealTree Starting
10 silly install loadIdealTree
11 silly cloneCurrentTree Starting
12 silly install cloneCurrentTreeToIdealTree
13 silly cloneCurrentTree Finishing
14 silly loadShrinkwrap Starting
15 silly install loadShrinkwrap
16 silly loadShrinkwrap Finishing
17 silly loadAllDepsIntoIdealTree Starting
18 silly install loadAllDepsIntoIdealTree
19 silly fetchOtherPackageData guzzlehttp/guzzle@^6.0
20 silly cache add args [ 'guzzlehttp/guzzle@^6.0', null ]
21 verbose cache add spec guzzlehttp/guzzle@^6.0
22 silly cache add parsed spec Result {
22 silly cache add   raw: 'guzzlehttp/guzzle@^6.0',
22 silly cache add   scope: null,
22 silly cache add   name: null,
22 silly cache add   rawSpec: 'guzzlehttp/guzzle@^6.0',
22 silly cache add   spec: '/var/www/html/PFC/guzzlehttp/guzzle@^6.0',
22 silly cache add   type: 'local' }
23 error addLocal Could not install /var/www/html/PFC/guzzlehttp/guzzle@^6.0
24 silly fetchPackageMetaData Error: ENOENT: no such file or directory, open '/var/www/html/PFC/guzzlehttp/guzzle@^6.0'
24 silly fetchPackageMetaData  error for guzzlehttp/guzzle@^6.0 { Error: ENOENT: no such file or directory, open '/var/www/html/PFC/guzzlehttp/guzzle@^6.0'
24 silly fetchPackageMetaData   errno: -2,
24 silly fetchPackageMetaData   code: 'ENOENT',
24 silly fetchPackageMetaData   syscall: 'open',
24 silly fetchPackageMetaData   path: '/var/www/html/PFC/guzzlehttp/guzzle@^6.0' }
25 silly rollbackFailedOptional Starting
26 silly rollbackFailedOptional Finishing
27 silly runTopLevelLifecycles Starting
28 silly runTopLevelLifecycles Finishing
29 silly install printInstalled
30 verbose stack Error: ENOENT: no such file or directory, open '/var/www/html/PFC/guzzlehttp/guzzle@^6.0'
31 verbose cwd /var/www/html/PFC
32 error Linux 5.0.0-37-generic
33 error argv "/usr/bin/node" "/usr/share/npm/bin/npm-cli.js" "install" "--scripts-prepend-node-path=auto"
34 error node v8.10.0
35 error npm  v3.5.2
36 error path /var/www/html/PFC/guzzlehttp/guzzle@^6.0
37 error code ENOENT
38 error errno -2
39 error syscall open
40 error enoent ENOENT: no such file or directory, open '/var/www/html/PFC/guzzlehttp/guzzle@^6.0'
41 error enoent ENOENT: no such file or directory, open '/var/www/html/PFC/guzzlehttp/guzzle@^6.0'
41 error enoent This is most likely not a problem with npm itself
41 error enoent and is related to npm not being able to find a file.
42 verbose exit [ -2, true ]
